#
# A fatal error has been detected by the Java Runtime Environment:
#
#  EXCEPTION_ACCESS_VIOLATION (0xc0000005) at pc=0x00007ff91e3955a3, pid=6308, tid=8612
#
# JRE version:  (11.0.16+11) (build )
# Java VM: Java HotSpot(TM) 64-Bit Server VM (11.0.16+11-LTS-199, mixed mode, sharing, tiered, compressed oops, g1 gc, windows-amd64)
# Problematic frame:
# V  [jvm.dll+0x1c55a3]
#
# No core dump will be written. Minidumps are not enabled by default on client versions of Windows
#
#

---------------  S U M M A R Y ------------

Command Line: -Xmx64m -Xms64m -Dorg.gradle.appname=gradlew org.gradle.wrapper.GradleWrapperMain app:installDebug -PreactNativeDevServerPort=8081

Host: Intel(R) Core(TM) i5-3230M CPU @ 2.60GHz, 4 cores, 7G,  Windows 10 , 64 bit Build 17134 (10.0.17134.2145)
Time: Wed Sep 21 23:12:52 2022 E. South America Standard Time elapsed time: 0.017792 seconds (0d 0h 0m 0s)

---------------  T H R E A D  ---------------

Current thread (0x0000021fb4ce9000):  JavaThread "Unknown thread" [_thread_in_vm, id=8612, stack(0x00000083a0d00000,0x00000083a0e00000)]

Stack: [0x00000083a0d00000,0x00000083a0e00000],  sp=0x00000083a0dfee00,  free space=1019k
Native frames: (J=compiled Java code, j=interpreted, Vv=VM code, C=native code)
V  [jvm.dll+0x1c55a3]
V  [jvm.dll+0x1c37b3]
V  [jvm.dll+0x346edb]
V  [jvm.dll+0x723f90]
V  [jvm.dll+0x3b5adf]
V  [jvm.dll+0x3b7bf1]
C  [jli.dll+0x5207]
C  [ucrtbase.dll+0x1e3fe]
C  [KERNEL32.DLL+0x14034]
C  [ntdll.dll+0x73691]


siginfo: EXCEPTION_ACCESS_VIOLATION (0xc0000005), reading address 0x0000000000000000


Registers:
RAX=0x000066882db1cc6f, RBX=0x0000000000000000, RCX=0x0000000000000000, RDX=0x0000000000000000
RSP=0x00000083a0dfee00, RBP=0x0000000000000000, RSI=0x0000021fb4ce9000, RDI=0x0000000000000000
R8 =0x0000000000000000, R9 =0x0000000000000000, R10=0x0000000000000000, R11=0x00000083a0dfebd0
R12=0x0000000000000000, R13=0x00007ff91e7a7420, R14=0x0000021fb2ba3a28, R15=0x00000083a0dffb48
RIP=0x00007ff91e3955a3, EFLAGS=0x0000000000010256

Top of Stack: (sp=0x00000083a0dfee00)
0x00000083a0dfee00:   0000021fb2bafcf0 00007ff969d21c9f
0x00000083a0dfee10:   00000083a0dffb48 0000021fb2ba3a28
0x00000083a0dfee20:   0000000000000000 00000083a0dff320
0x00000083a0dfee30:   0000de5d3a59dd8e 00007ff91e7a7420
0x00000083a0dfee40:   0000000000000001 0000021fb2ba3a28
0x00000083a0dfee50:   00007ff91e7a7420 0000000000000000
0x00000083a0dfee60:   00007ff92d9e0000 00000083a0dffb48
0x00000083a0dfee70:   00007ff91ea1c890 0000000000000000
0x00000083a0dfee80:   00007ff91e39365a 00007ff969d19255
0x00000083a0dfee90:   0000000000000000 00007ff91e8206f3
0x00000083a0dfeea0:   000066882db1cc6f 0000021fb2ba3a28
0x00000083a0dfeeb0:   00007ff900000000 00007ff91e7a7420
0x00000083a0dfeec0:   0000021fb4ce9000 00000083a0dfefe0
0x00000083a0dfeed0:   0000000000000000 00007ff91e3937b3
0x00000083a0dfeee0:   00007ff92d9c0000 00007ff92d9ed0d8
0x00000083a0dfeef0:   00000083a0dfefe0 0000021fb4ce9000 

Instructions: (pc=0x00007ff91e3955a3)
0x00007ff91e395583:   00 48 33 c4 48 89 84 24 a0 00 00 00 48 8b e9 48
0x00007ff91e395593:   c7 c3 ff ff ff ff 0f 1f 80 00 00 00 00 48 ff c3
0x00007ff91e3955a3:   80 3c 0b 00 75 f7 33 f6 c6 44 24 30 01 40 38 35
0x00007ff91e3955b3:   bf 06 88 00 74 17 40 38 35 10 6d 87 00 75 0e 33 



---------------  P R O C E S S  ---------------

Threads class SMR info:
_java_thread_list=0x0000021fb2ba3620, length=0, elements={
}

Java Threads: ( => current thread )

Other Threads:

=>0x0000021fb4ce9000 (exited) JavaThread "Unknown thread" [_thread_in_vm, id=8612, stack(0x00000083a0d00000,0x00000083a0e00000)]

Threads with active compile tasks:

VM state:not at safepoint (not fully initialized)

VM Mutex/Monitor currently owned by a thread: None


[error occurred during error reporting (printing compressed oops mode), id 0xc0000005, EXCEPTION_ACCESS_VIOLATION (0xc0000005) at pc=0x00007ff91e90f637]

Deoptimization events (0 events):
No events

Classes redefined (0 events):
No events

Internal exceptions (0 events):
No events

Events (0 events):
No events


Dynamic libraries:
0x00007ff775940000 - 0x00007ff77594f000 	C:\Program Files\Java\jdk-11.0.16\bin\java.exe
0x00007ff96d8e0000 - 0x00007ff96dac1000 	C:\Windows\SYSTEM32\ntdll.dll
0x00007ff96c910000 - 0x00007ff96c9c1000 	C:\Windows\System32\KERNEL32.DLL
0x00007ff969cc0000 - 0x00007ff969f33000 	C:\Windows\System32\KERNELBASE.dll
0x00007ff96a700000 - 0x00007ff96a7f8000 	C:\Windows\System32\ucrtbase.dll
0x00007ff92ddf0000 - 0x00007ff92de05000 	C:\Program Files\Java\jdk-11.0.16\bin\VCRUNTIME140.dll
0x00007ff93c190000 - 0x00007ff93c1a8000 	C:\Program Files\Java\jdk-11.0.16\bin\jli.dll
0x00007ff96d020000 - 0x00007ff96d0c1000 	C:\Windows\System32\ADVAPI32.dll
0x00007ff96d740000 - 0x00007ff96d7de000 	C:\Windows\System32\msvcrt.dll
0x00007ff96c490000 - 0x00007ff96c4eb000 	C:\Windows\System32\sechost.dll
0x00007ff96cef0000 - 0x00007ff96d012000 	C:\Windows\System32\RPCRT4.dll
0x00007ff96c2d0000 - 0x00007ff96c460000 	C:\Windows\System32\USER32.dll
0x00007ff96aaa0000 - 0x00007ff96aac0000 	C:\Windows\System32\win32u.dll
0x00007ff96c460000 - 0x00007ff96c488000 	C:\Windows\System32\GDI32.dll
0x00007ff96abf0000 - 0x00007ff96ad84000 	C:\Windows\System32\gdi32full.dll
0x00007ff969f40000 - 0x00007ff969fdf000 	C:\Windows\System32\msvcp_win.dll
0x00007ff95f760000 - 0x00007ff95f9c9000 	C:\Windows\WinSxS\amd64_microsoft.windows.common-controls_6595b64144ccf1df_6.0.17134.2208_none_d3fb8d057c943d4a\COMCTL32.dll
0x00007ff96c4f0000 - 0x00007ff96c812000 	C:\Windows\System32\combase.dll
0x00007ff96aac0000 - 0x00007ff96ab39000 	C:\Windows\System32\bcryptPrimitives.dll
0x00007ff961be0000 - 0x00007ff961bea000 	C:\Windows\SYSTEM32\VERSION.dll
0x00007ff96d8b0000 - 0x00007ff96d8dd000 	C:\Windows\System32\IMM32.DLL
0x00007ff91ecf0000 - 0x00007ff91ed8b000 	C:\Program Files\Java\jdk-11.0.16\bin\msvcp140.dll
0x00007ff91e1d0000 - 0x00007ff91ece8000 	C:\Program Files\Java\jdk-11.0.16\bin\server\jvm.dll
0x00007ff96adf0000 - 0x00007ff96adf8000 	C:\Windows\System32\PSAPI.DLL
0x00007ff956e40000 - 0x00007ff956e49000 	C:\Windows\SYSTEM32\WSOCK32.dll
0x00007ff967f00000 - 0x00007ff967f23000 	C:\Windows\SYSTEM32\WINMM.dll
0x00007ff96ce80000 - 0x00007ff96ceec000 	C:\Windows\System32\WS2_32.dll
0x00007ff967ed0000 - 0x00007ff967efa000 	C:\Windows\SYSTEM32\WINMMBASE.dll
0x00007ff96aba0000 - 0x00007ff96abe9000 	C:\Windows\System32\cfgmgr32.dll
0x00007ff969c30000 - 0x00007ff969c41000 	C:\Windows\System32\kernel.appcore.dll
0x00007ff9563b0000 - 0x00007ff9563c0000 	C:\Program Files\Java\jdk-11.0.16\bin\verify.dll
0x00007ff951f30000 - 0x00007ff9520f9000 	C:\Windows\SYSTEM32\DBGHELP.DLL
0x00007ff941390000 - 0x00007ff9413b9000 	C:\Windows\SYSTEM32\dbgcore.DLL
0x00007ff92d9e0000 - 0x00007ff92da08000 	C:\Program Files\Java\jdk-11.0.16\bin\java.dll
0x00007ff956250000 - 0x00007ff95625a000 	C:\Program Files\Java\jdk-11.0.16\bin\jimage.dll
0x00007ff92d9c0000 - 0x00007ff92d9d6000 	C:\Program Files\Java\jdk-11.0.16\bin\zip.dll

dbghelp: loaded successfully - version: 4.0.5 - missing functions: none
symbol engine: initialized successfully - sym options: 0x614 - pdb path: .;C:\Program Files\Java\jdk-11.0.16\bin;C:\Windows\SYSTEM32;C:\Windows\WinSxS\amd64_microsoft.windows.common-controls_6595b64144ccf1df_6.0.17134.2208_none_d3fb8d057c943d4a;C:\Program Files\Java\jdk-11.0.16\bin\server

VM Arguments:
jvm_args: -Xmx64m -Xms64m -Dorg.gradle.appname=gradlew 
java_command: org.gradle.wrapper.GradleWrapperMain app:installDebug -PreactNativeDevServerPort=8081
java_class_path (initial): C:\Users\type\Documents\Dev\tods\to-do\android\\gradle\wrapper\gradle-wrapper.jar
Launcher Type: SUN_STANDARD

[Global flags]
     uint G1ConcRefinementThreads                  = 4                                         {product} {ergonomic}
    uintx GCDrainStackTargetSize                   = 64                                        {product} {ergonomic}
   size_t InitialHeapSize                          = 67108864                                  {product} {command line}
   size_t MaxHeapSize                              = 67108864                                  {product} {command line}
    uintx ReservedCodeCacheSize                    = 251658240                              {pd product} {ergonomic}
     bool SegmentedCodeCache                       = true                                      {product} {ergonomic}
     bool UseCompressedClassPointers               = true                                 {lp64_product} {ergonomic}
     bool UseCompressedOops                        = true                                 {lp64_product} {ergonomic}
     bool UseG1GC                                  = true                                      {product} {ergonomic}
     bool UseLargePagesIndividualAllocation        = false                                  {pd product} {ergonomic}

Logging:
Log output configuration:
 #0: stdout all=warning uptime,level,tags
 #1: stderr all=off uptime,level,tags

Environment Variables:
JAVA_HOME=C:\Program Files\Java\jdk-11.0.16
CLASSPATH=C:\Users\type\Documents\Dev\tods\to-do\android\\gradle\wrapper\gradle-wrapper.jar
PATH=C:\Users\type\Documents\Dev\tods\to-do\android\node_modules\.bin;C:\Users\type\Documents\Dev\tods\to-do\node_modules\.bin;C:\Users\type\Documents\Dev\tods\node_modules\.bin;C:\Users\type\Documents\Dev\node_modules\.bin;C:\Users\type\Documents\node_modules\.bin;C:\Users\type\node_modules\.bin;C:\Users\node_modules\.bin;C:\node_modules\.bin;C:\Program Files\nodejs;C:\Users\type\AppData\Local\Temp\yarn--1663812761310-0.8813786102239989;C:\Users\type\Documents\Dev\tods\to-do\node_modules\.bin;C:\Users\type\AppData\Local\Yarn\Data\link\node_modules\.bin;C:\Users\type\AppData\Local\Yarn\bin;C:\Program Files\libexec\lib\node_modules\npm\bin\node-gyp-bin;C:\Program Files\lib\node_modules\npm\bin\node-gyp-bin;C:\Program Files\nodejs\node_modules\npm\bin\node-gyp-bin;C:\Users\type\bin;C:\Program Files\Git\mingw64\bin;C:\Program Files\Git\usr\local\bin;C:\Program Files\Git\usr\bin;C:\Program Files\Git\usr\bin;C:\Program Files\Git\mingw64\bin;C:\Program Files\Git\usr\bin;C:\Users\type\bin;C:\Program Files\Common Files\Oracle\Java\javapath;C:\Program Files\Eclipse Adoptium\jdk-11.0.16.101-hotspot\bin;C:\Windows\system32;C:\Windows;C:\Windows\System32\Wbem;C:\Windows\System32\WindowsPowerShell\v1.0;C:\Users\type\AppData\Local\Microsoft\WindowsApps;C:\Windows\system32\config\systemprofile\AppData\Local\Microsoft\WindowsApps;C:\Windows\AtlasModules;C:\Program Files\Microsoft VS Code\bin;C:\Program Files\Git\cmd;C:\Program Files\nodejs;C:\Program Files\Java\jdk-18.0.2.1\bin;C:\ProgramData\chocolatey\bin;C:\Android\Sdk\emulator;C:\Android\Sdk\tools;C:\Android\Sdk\tools\bin;C:\Android\Sdk\platform-tools;C:\Users\type\AppData\Local\Microsoft\WindowsApps;C:\Users\type\AppData\Local\Programs\Microsoft VS Code\bin;C:\Users\type\AppData\Roaming\npm;C:\Program Files\Java\jdk-18.0.2.1\bin;C:\Program Files\Git\usr\bin\vendor_perl;C:\Program Files\Git\usr\bin\core_perl
USERNAME=type
SHELL=C:\Program Files\Git\usr\bin\bash.exe
DISPLAY=needs-to-be-defined
OS=Windows_NT
PROCESSOR_IDENTIFIER=Intel64 Family 6 Model 58 Stepping 9, GenuineIntel



---------------  S Y S T E M  ---------------

OS: Windows 10 , 64 bit Build 17134 (10.0.17134.2145)

CPU:total 4 (initial active 4) 

Memory: 4k page, system-wide physical 8068M (1792M free)
TotalPageFile size 8580M (AvailPageFile size 1661M)
current process WorkingSet (physical memory assigned to process): 8M, peak: 8M
current process commit charge ("private bytes"): 3M, peak: 3M

vm_info: Java HotSpot(TM) 64-Bit Server VM (11.0.16+11-LTS-199) for windows-amd64 JRE (11.0.16+11-LTS-199), built on Jun 28 2022 08:23:17 by "mach5one" with MS VC++ 15.9 (VS2017)

END.
